{
  message: 'database connected',
  level: 'info',
  label: 'PH!',
  timestamp: '2023-06-16T19:23:24.057Z'
}
{
  message: 'Application app listening on port 5000',
  level: 'info',
  label: 'PH!',
  timestamp: '2023-06-16T19:23:24.095Z'
}
{
  message: 'database connected',
  level: 'info',
  label: 'PH!',
  timestamp: '2023-06-16T19:23:30.619Z'
}
{
  message: 'Application app listening on port 5000',
  level: 'info',
  label: 'PH!',
  timestamp: '2023-06-16T19:23:30.672Z'
}
{
  message: 'database connected',
  level: 'info',
  label: 'PH!',
  timestamp: '2023-06-16T19:23:35.214Z'
}
{
  message: 'Application app listening on port 5000',
  level: 'info',
  label: 'PH!',
  timestamp: '2023-06-16T19:23:35.243Z'
}
