{
  message: 'database connected',
  level: 'info',
  label: 'PH!',
  timestamp: '2023-07-09T13:40:19.323Z'
}
{
  message: 'Application app listening on port 5000',
  level: 'info',
  label: 'PH!',
  timestamp: '2023-07-09T13:40:19.354Z'
}
{
  message: 'database connected',
  level: 'info',
  label: 'PH!',
  timestamp: '2023-07-09T13:40:40.421Z'
}
{
  message: 'Application app listening on port 5000',
  level: 'info',
  label: 'PH!',
  timestamp: '2023-07-09T13:40:40.440Z'
}
{
  message: 'database connected',
  level: 'info',
  label: 'PH!',
  timestamp: '2023-07-09T13:41:41.305Z'
}
{
  message: 'Application app listening on port 5000',
  level: 'info',
  label: 'PH!',
  timestamp: '2023-07-09T13:41:41.331Z'
}
