{
  message: 'database connected',
  level: 'info',
  label: 'PH!',
  timestamp: '2023-06-15T18:53:32.456Z'
}
{
  message: 'Application app listening on port 5000',
  level: 'info',
  label: 'PH!',
  timestamp: '2023-06-15T18:53:32.510Z'
}
{
  message: 'database connected',
  level: 'info',
  label: 'PH!',
  timestamp: '2023-06-15T18:53:38.929Z'
}
{
  message: 'Application app listening on port 5000',
  level: 'info',
  label: 'PH!',
  timestamp: '2023-06-15T18:53:38.960Z'
}
{
  message: 'database connected',
  level: 'info',
  label: 'PH!',
  timestamp: '2023-06-15T18:53:50.112Z'
}
{
  message: 'Application app listening on port 5000',
  level: 'info',
  label: 'PH!',
  timestamp: '2023-06-15T18:53:50.131Z'
}
{
  message: 'database connected',
  level: 'info',
  label: 'PH!',
  timestamp: '2023-06-15T18:53:58.597Z'
}
{
  message: 'Application app listening on port 5000',
  level: 'info',
  label: 'PH!',
  timestamp: '2023-06-15T18:53:58.615Z'
}
{
  message: 'database connected',
  level: 'info',
  label: 'PH!',
  timestamp: '2023-06-15T18:54:07.292Z'
}
{
  message: 'Application app listening on port 5000',
  level: 'info',
  label: 'PH!',
  timestamp: '2023-06-15T18:54:07.326Z'
}
{
  message: 'database connected',
  level: 'info',
  label: 'PH!',
  timestamp: '2023-06-15T18:54:46.677Z'
}
{
  message: 'Application app listening on port 5000',
  level: 'info',
  label: 'PH!',
  timestamp: '2023-06-15T18:54:46.705Z'
}
{
  message: 'database connected',
  level: 'info',
  label: 'PH!',
  timestamp: '2023-06-15T18:55:15.769Z'
}
{
  message: 'Application app listening on port 5000',
  level: 'info',
  label: 'PH!',
  timestamp: '2023-06-15T18:55:15.801Z'
}
{
  message: 'database connected',
  level: 'info',
  label: 'PH!',
  timestamp: '2023-06-15T18:55:19.938Z'
}
{
  message: 'Application app listening on port 5000',
  level: 'info',
  label: 'PH!',
  timestamp: '2023-06-15T18:55:19.978Z'
}
{
  message: 'database connected',
  level: 'info',
  label: 'PH!',
  timestamp: '2023-06-15T18:55:43.061Z'
}
{
  message: 'Application app listening on port 5000',
  level: 'info',
  label: 'PH!',
  timestamp: '2023-06-15T18:55:43.087Z'
}
{
  message: 'database connected',
  level: 'info',
  label: 'PH!',
  timestamp: '2023-06-15T18:57:45.164Z'
}
{
  message: 'Application app listening on port 5000',
  level: 'info',
  label: 'PH!',
  timestamp: '2023-06-15T18:57:45.198Z'
}
