{
  message: 'database connected',
  level: 'info',
  label: 'PH!',
  timestamp: '2023-07-07T19:17:54.546Z'
}
{
  message: 'Application app listening on port 5000',
  level: 'info',
  label: 'PH!',
  timestamp: '2023-07-07T19:17:54.588Z'
}
{
  message: 'database connected',
  level: 'info',
  label: 'PH!',
  timestamp: '2023-07-07T19:19:43.174Z'
}
{
  message: 'Application app listening on port 5000',
  level: 'info',
  label: 'PH!',
  timestamp: '2023-07-07T19:19:43.197Z'
}
{
  message: 'database connected',
  level: 'info',
  label: 'PH!',
  timestamp: '2023-07-07T19:25:12.381Z'
}
{
  message: 'Application app listening on port 5000',
  level: 'info',
  label: 'PH!',
  timestamp: '2023-07-07T19:25:12.419Z'
}
{
  message: 'database connected',
  level: 'info',
  label: 'PH!',
  timestamp: '2023-07-07T19:25:38.526Z'
}
{
  message: 'Application app listening on port 5000',
  level: 'info',
  label: 'PH!',
  timestamp: '2023-07-07T19:25:38.547Z'
}
{
  message: 'database connected',
  level: 'info',
  label: 'PH!',
  timestamp: '2023-07-07T19:26:02.399Z'
}
{
  message: 'Application app listening on port 5000',
  level: 'info',
  label: 'PH!',
  timestamp: '2023-07-07T19:26:02.421Z'
}
{
  message: 'database connected',
  level: 'info',
  label: 'PH!',
  timestamp: '2023-07-07T19:26:08.828Z'
}
{
  message: 'Application app listening on port 5000',
  level: 'info',
  label: 'PH!',
  timestamp: '2023-07-07T19:26:08.865Z'
}
{
  message: 'database connected',
  level: 'info',
  label: 'PH!',
  timestamp: '2023-07-07T19:30:11.694Z'
}
{
  message: 'Application app listening on port 5000',
  level: 'info',
  label: 'PH!',
  timestamp: '2023-07-07T19:30:11.723Z'
}
{
  message: 'database connected',
  level: 'info',
  label: 'PH!',
  timestamp: '2023-07-07T19:33:00.119Z'
}
{
  message: 'Application app listening on port 5000',
  level: 'info',
  label: 'PH!',
  timestamp: '2023-07-07T19:33:00.138Z'
}
{
  message: 'database connected',
  level: 'info',
  label: 'PH!',
  timestamp: '2023-07-07T19:34:02.989Z'
}
{
  message: 'Application app listening on port 5000',
  level: 'info',
  label: 'PH!',
  timestamp: '2023-07-07T19:34:03.008Z'
}
{
  message: 'database connected',
  level: 'info',
  label: 'PH!',
  timestamp: '2023-07-07T19:37:46.912Z'
}
{
  message: 'Application app listening on port 5000',
  level: 'info',
  label: 'PH!',
  timestamp: '2023-07-07T19:37:46.932Z'
}
{
  message: 'database connected',
  level: 'info',
  label: 'PH!',
  timestamp: '2023-07-07T19:37:55.711Z'
}
{
  message: 'Application app listening on port 5000',
  level: 'info',
  label: 'PH!',
  timestamp: '2023-07-07T19:37:55.740Z'
}
{
  message: 'database connected',
  level: 'info',
  label: 'PH!',
  timestamp: '2023-07-07T19:39:12.297Z'
}
{
  message: 'Application app listening on port 5000',
  level: 'info',
  label: 'PH!',
  timestamp: '2023-07-07T19:39:12.318Z'
}
{
  message: 'database connected',
  level: 'info',
  label: 'PH!',
  timestamp: '2023-07-07T19:39:19.271Z'
}
{
  message: 'Application app listening on port 5000',
  level: 'info',
  label: 'PH!',
  timestamp: '2023-07-07T19:39:19.296Z'
}
{
  message: 'database connected',
  level: 'info',
  label: 'PH!',
  timestamp: '2023-07-07T19:39:33.123Z'
}
{
  message: 'Application app listening on port 5000',
  level: 'info',
  label: 'PH!',
  timestamp: '2023-07-07T19:39:33.144Z'
}
