{
  message: 'database connected',
  level: 'info',
  label: 'PH!',
  timestamp: '2023-06-27T17:13:47.787Z'
}
{
  message: 'Application app listening on port 5000',
  level: 'info',
  label: 'PH!',
  timestamp: '2023-06-27T17:13:47.809Z'
}
{
  message: 'database connected',
  level: 'info',
  label: 'PH!',
  timestamp: '2023-06-27T17:13:55.034Z'
}
{
  message: 'Application app listening on port 5000',
  level: 'info',
  label: 'PH!',
  timestamp: '2023-06-27T17:13:55.079Z'
}
{
  message: 'database connected',
  level: 'info',
  label: 'PH!',
  timestamp: '2023-06-27T17:14:00.713Z'
}
{
  message: 'Application app listening on port 5000',
  level: 'info',
  label: 'PH!',
  timestamp: '2023-06-27T17:14:00.732Z'
}
{
  message: 'database connected',
  level: 'info',
  label: 'PH!',
  timestamp: '2023-06-27T17:14:10.606Z'
}
{
  message: 'Application app listening on port 5000',
  level: 'info',
  label: 'PH!',
  timestamp: '2023-06-27T17:14:10.640Z'
}
{
  message: 'database connected',
  level: 'info',
  label: 'PH!',
  timestamp: '2023-06-27T17:14:16.019Z'
}
{
  message: 'Application app listening on port 5000',
  level: 'info',
  label: 'PH!',
  timestamp: '2023-06-27T17:14:16.048Z'
}
{
  message: 'database connected',
  level: 'info',
  label: 'PH!',
  timestamp: '2023-06-27T17:14:19.258Z'
}
{
  message: 'Application app listening on port 5000',
  level: 'info',
  label: 'PH!',
  timestamp: '2023-06-27T17:14:19.297Z'
}
{
  message: 'database connected',
  level: 'info',
  label: 'PH!',
  timestamp: '2023-06-27T17:14:23.755Z'
}
{
  message: 'Application app listening on port 5000',
  level: 'info',
  label: 'PH!',
  timestamp: '2023-06-27T17:14:23.790Z'
}
{
  message: 'database connected',
  level: 'info',
  label: 'PH!',
  timestamp: '2023-06-27T17:14:26.918Z'
}
{
  message: 'Application app listening on port 5000',
  level: 'info',
  label: 'PH!',
  timestamp: '2023-06-27T17:14:26.943Z'
}
{
  message: 'database connected',
  level: 'info',
  label: 'PH!',
  timestamp: '2023-06-27T17:14:44.649Z'
}
{
  message: 'Application app listening on port 5000',
  level: 'info',
  label: 'PH!',
  timestamp: '2023-06-27T17:14:44.692Z'
}
{
  message: 'database connected',
  level: 'info',
  label: 'PH!',
  timestamp: '2023-06-27T17:14:58.207Z'
}
{
  message: 'Application app listening on port 5000',
  level: 'info',
  label: 'PH!',
  timestamp: '2023-06-27T17:14:58.246Z'
}
{
  message: 'database connected',
  level: 'info',
  label: 'PH!',
  timestamp: '2023-06-27T17:15:03.018Z'
}
{
  message: 'Application app listening on port 5000',
  level: 'info',
  label: 'PH!',
  timestamp: '2023-06-27T17:15:03.039Z'
}
{
  message: 'database connected',
  level: 'info',
  label: 'PH!',
  timestamp: '2023-06-27T17:15:05.538Z'
}
{
  message: 'Application app listening on port 5000',
  level: 'info',
  label: 'PH!',
  timestamp: '2023-06-27T17:15:05.576Z'
}
{
  message: 'database connected',
  level: 'info',
  label: 'PH!',
  timestamp: '2023-06-27T17:15:17.741Z'
}
{
  message: 'Application app listening on port 5000',
  level: 'info',
  label: 'PH!',
  timestamp: '2023-06-27T17:15:17.767Z'
}
{
  message: 'database connected',
  level: 'info',
  label: 'PH!',
  timestamp: '2023-06-27T17:16:31.419Z'
}
{
  message: 'Application app listening on port 5000',
  level: 'info',
  label: 'PH!',
  timestamp: '2023-06-27T17:16:31.457Z'
}
{
  message: 'database connected',
  level: 'info',
  label: 'PH!',
  timestamp: '2023-06-27T17:17:09.160Z'
}
{
  message: 'Application app listening on port 5000',
  level: 'info',
  label: 'PH!',
  timestamp: '2023-06-27T17:17:09.183Z'
}
{
  message: 'database connected',
  level: 'info',
  label: 'PH!',
  timestamp: '2023-06-27T17:17:17.018Z'
}
{
  message: 'Application app listening on port 5000',
  level: 'info',
  label: 'PH!',
  timestamp: '2023-06-27T17:17:17.049Z'
}
{
  message: 'database connected',
  level: 'info',
  label: 'PH!',
  timestamp: '2023-06-27T17:17:47.439Z'
}
{
  message: 'Application app listening on port 5000',
  level: 'info',
  label: 'PH!',
  timestamp: '2023-06-27T17:17:47.480Z'
}
{
  message: 'database connected',
  level: 'info',
  label: 'PH!',
  timestamp: '2023-06-27T17:17:52.154Z'
}
{
  message: 'Application app listening on port 5000',
  level: 'info',
  label: 'PH!',
  timestamp: '2023-06-27T17:17:52.185Z'
}
